{
  "RSpec": {
    "coverage": {
      "/onebittwiter/spec/requests/api/v1/tweets_spec.rb": {
        "lines": [
          1,
          null,
          1,
          1,
          1,
          5,
          5,
          null,
          84,
          null,
          1,
          1,
          1,
          null,
          null,
          1,
          1,
          1,
          null,
          null,
          1,
          1,
          1,
          null,
          null,
          1,
          1,
          1,
          1,
          null,
          null,
          null,
          null,
          null,
          1,
          2,
          2,
          null,
          2,
          null,
          2,
          null,
          null,
          null,
          1,
          1,
          1,
          null,
          1,
          4,
          null,
          4,
          null,
          2,
          null,
          1,
          1,
          null,
          null,
          1,
          1,
          null,
          null,
          null,
          1,
          5,
          5,
          null,
          5,
          null,
          2,
          null,
          1,
          1,
          null,
          null,
          1,
          1,
          null,
          null,
          1,
          1,
          null,
          null,
          null,
          null,
          1,
          2,
          null,
          2,
          null,
          2,
          null,
          null,
          null,
          null,
          1,
          null,
          1,
          1,
          null,
          null,
          1,
          9,
          null,
          1,
          null,
          1,
          4,
          null,
          null,
          4,
          null,
          1,
          null,
          1,
          null,
          null,
          1,
          null,
          1,
          null,
          null,
          1,
          1,
          1,
          2,
          null,
          null,
          null,
          1,
          5,
          5,
          null,
          1,
          1,
          1,
          null,
          null,
          1,
          1,
          1,
          null,
          null,
          1,
          1,
          1,
          null,
          null,
          1,
          1,
          1,
          2,
          null,
          null,
          null,
          null,
          1,
          2,
          2,
          2,
          null,
          null,
          null,
          null,
          null,
          null,
          null,
          null,
          null,
          1,
          1,
          1,
          null,
          null,
          1,
          1,
          3,
          3,
          3,
          null,
          3,
          null,
          2,
          null,
          1,
          1,
          1,
          null,
          null,
          null,
          1,
          2,
          2,
          2,
          2,
          null,
          null,
          1,
          1,
          null,
          null,
          2,
          null,
          null,
          null,
          null,
          1,
          1,
          1,
          null,
          null,
          1,
          1,
          3,
          3,
          null,
          1,
          1,
          1,
          null,
          null,
          1,
          1,
          1,
          2,
          null,
          null,
          null,
          1,
          2,
          2,
          2,
          null,
          1,
          1,
          null,
          null,
          2,
          null,
          null,
          null,
          null,
          null
        ]
      },
      "/onebittwiter/spec/rails_helper.rb": {
        "lines": [
          null,
          null,
          null,
          1,
          1,
          null,
          1,
          null,
          null,
          1,
          1,
          4,
          null,
          null,
          null,
          null,
          null,
          null,
          null,
          null,
          null,
          null,
          null,
          null,
          null,
          null,
          null,
          null,
          null,
          null,
          null,
          null,
          1,
          null,
          0,
          0,
          null,
          1,
          null,
          1,
          null,
          null,
          null,
          null,
          1,
          null,
          null,
          1,
          null,
          1,
          null,
          1,
          null,
          null,
          null,
          null,
          null,
          null,
          null,
          null,
          null,
          null,
          null,
          null,
          null,
          null,
          1,
          null,
          null,
          1,
          null,
          null,
          null
        ]
      },
      "/onebittwiter/config/environment.rb": {
        "lines": [
          null,
          1,
          null,
          null,
          1
        ]
      },
      "/onebittwiter/config/application.rb": {
        "lines": [
          1,
          null,
          1,
          null,
          1,
          1,
          1,
          1,
          1,
          1,
          1,
          1,
          null,
          1,
          null,
          null,
          null,
          1,
          null,
          1,
          1,
          null,
          1,
          1,
          null,
          null,
          null,
          null,
          null,
          null,
          null,
          null,
          1,
          null,
          null
        ]
      },
      "/onebittwiter/config/boot.rb": {
        "lines": [
          1,
          null,
          1,
          1
        ]
      },
      "/onebittwiter/config/environments/test.rb": {
        "lines": [
          1,
          null,
          null,
          null,
          null,
          null,
          null,
          1,
          null,
          1,
          null,
          null,
          null,
          1,
          null,
          null,
          1,
          1,
          null,
          null,
          null,
          null,
          1,
          1,
          null,
          null,
          1,
          null,
          null,
          1,
          null,
          null,
          1,
          null,
          1,
          null,
          null,
          null,
          null,
          1,
          null,
          null,
          1,
          null,
          null,
          null,
          null
        ]
      },
      "/onebittwiter/config/initializers/application_controller_renderer.rb": {
        "lines": [
          null,
          null,
          null,
          null,
          null,
          null,
          null,
          null
        ]
      },
      "/onebittwiter/config/initializers/backtrace_silencers.rb": {
        "lines": [
          null,
          null,
          null,
          null,
          null,
          null,
          null
        ]
      },
      "/onebittwiter/config/initializers/cors.rb": {
        "lines": [
          null,
          null,
          null,
          null,
          null,
          null,
          null,
          1,
          1,
          1,
          1,
          null,
          null,
          null,
          null
        ]
      },
      "/onebittwiter/config/initializers/filter_parameter_logging.rb": {
        "lines": [
          null,
          null,
          null,
          1
        ]
      },
      "/onebittwiter/config/initializers/inflections.rb": {
        "lines": [
          null,
          null,
          null,
          null,
          null,
          null,
          null,
          null,
          null,
          null,
          null,
          null,
          null,
          null,
          null,
          null
        ]
      },
      "/onebittwiter/config/initializers/knock.rb": {
        "lines": [
          1,
          null,
          null,
          null,
          null,
          null,
          null,
          null,
          null,
          1,
          52,
          null,
          null,
          null,
          null,
          null,
          null,
          null,
          null,
          null,
          null,
          null,
          null,
          null,
          null,
          null,
          null,
          null,
          null,
          null,
          null,
          null,
          null,
          null,
          null,
          null,
          null,
          null,
          null,
          null,
          null,
          null,
          null,
          null,
          null,
          null,
          null,
          null,
          null,
          null,
          null,
          null,
          null,
          null,
          null,
          null,
          null,
          null,
          null
        ]
      },
      "/onebittwiter/config/initializers/mime_types.rb": {
        "lines": [
          null,
          null,
          null,
          null
        ]
      },
      "/onebittwiter/config/initializers/rack_attack.rb": {
        "lines": [
          1,
          1,
          1,
          null,
          null,
          1,
          32,
          null,
          null,
          null,
          1,
          null,
          null
        ]
      },
      "/onebittwiter/config/initializers/redis.rb": {
        "lines": [
          1,
          null,
          1,
          1,
          0,
          null,
          null
        ]
      },
      "/onebittwiter/config/initializers/will_paginate.rb": {
        "lines": [
          1,
          1
        ]
      },
      "/onebittwiter/config/initializers/wrap_parameters.rb": {
        "lines": [
          null,
          null,
          null,
          null,
          null,
          null,
          1,
          2,
          null,
          null,
          null,
          null,
          null,
          null
        ]
      },
      "/onebittwiter/spec/factories/tweet.rb": {
        "lines": [
          null,
          null,
          1,
          1,
          111,
          1,
          1,
          null,
          null
        ]
      },
      "/onebittwiter/spec/factories/user.rb": {
        "lines": [
          null,
          null,
          1,
          1,
          37,
          37,
          37,
          null,
          null
        ]
      },
      "/onebittwiter/config/routes.rb": {
        "lines": [
          1,
          1,
          1,
          1,
          1,
          1,
          1,
          1,
          1,
          1,
          1,
          null,
          1,
          null,
          null,
          null,
          null
        ]
      },
      "/onebittwiter/spec/support/fatory_bot.rb": {
        "lines": [
          1,
          1,
          null
        ]
      },
      "/onebittwiter/spec/support/request_helper.rb": {
        "lines": [
          1,
          1,
          1,
          0,
          null,
          null,
          1,
          12,
          null,
          null,
          null,
          1,
          1,
          6,
          null,
          null,
          1,
          1,
          1,
          null,
          null,
          null,
          1,
          1,
          21,
          21,
          null,
          null,
          1,
          3,
          null,
          null,
          null
        ]
      },
      "/onebittwiter/spec/support/shared_examples_spec.rb": {
        "lines": [
          null,
          null,
          1,
          3,
          3,
          null,
          0,
          null,
          null,
          null,
          null,
          1,
          null,
          null,
          null,
          null,
          1,
          null,
          null,
          null,
          null,
          1,
          null,
          null,
          null,
          null,
          3,
          null,
          null
        ]
      },
      "/onebittwiter/app/models/user.rb": {
        "lines": [
          1,
          1,
          1,
          null,
          null,
          null,
          null,
          null,
          1,
          null,
          1,
          1,
          1,
          1,
          null
        ]
      },
      "/onebittwiter/app/models/application_record.rb": {
        "lines": [
          1,
          1,
          null
        ]
      },
      "/onebittwiter/app/models/tweet.rb": {
        "lines": [
          1,
          1,
          1,
          1,
          1,
          1,
          null
        ]
      },
      "/onebittwiter/app/controllers/api/v1/tweets_controller.rb": {
        "lines": [
          1,
          1,
          1,
          1,
          1,
          1,
          1,
          null,
          1,
          5,
          4,
          4,
          null,
          null,
          1,
          10,
          null,
          10,
          9,
          null,
          1,
          null,
          null,
          null,
          1,
          7,
          null,
          null,
          1,
          2,
          null,
          null,
          1,
          2,
          2,
          null,
          0,
          null,
          null,
          null,
          1,
          null,
          1,
          14,
          null,
          null,
          1,
          12,
          null,
          null,
          1,
          30,
          null,
          null,
          null,
          null
        ]
      },
      "/onebittwiter/app/controllers/api/v1/api_controller.rb": {
        "lines": [
          null,
          null,
          1,
          1,
          1,
          1,
          1,
          null,
          1,
          2,
          null,
          null,
          1,
          0,
          null,
          null,
          1,
          2,
          null,
          null,
          null,
          null
        ]
      },
      "/onebittwiter/app/controllers/application_controller.rb": {
        "lines": [
          1,
          null
        ]
      },
      "/onebittwiter/app/serializers/api/v1/tweet_serializer.rb": {
        "lines": [
          null,
          null,
          1,
          1,
          1,
          1,
          1,
          1,
          null,
          1,
          161,
          161,
          null,
          null,
          1,
          161,
          161,
          null,
          null,
          1,
          96,
          null,
          null,
          1,
          96,
          null,
          null,
          1,
          96,
          null,
          null,
          null,
          null
        ]
      },
      "/onebittwiter/app/serializers/api/v1/user_serializer.rb": {
        "lines": [
          1,
          1,
          1,
          1,
          null,
          1,
          98,
          null,
          null,
          1,
          98,
          null,
          null,
          1,
          98,
          null,
          null,
          null,
          null
        ]
      },
      "/onebittwiter/app/models/follow.rb": {
        "lines": [
          1,
          null,
          1,
          1,
          null,
          null,
          1,
          1,
          null,
          1,
          0,
          null,
          null,
          null
        ]
      },
      "/onebittwiter/app/controllers/api/v1/users_controller.rb": {
        "lines": [
          1,
          1,
          1,
          1,
          1,
          1,
          null,
          1,
          null,
          1,
          0,
          0,
          0,
          null,
          0,
          null,
          null,
          null,
          1,
          0,
          0,
          null,
          0,
          null,
          null,
          null,
          1,
          0,
          null,
          null,
          1,
          0,
          null,
          null,
          1,
          0,
          null,
          null,
          1,
          0,
          0,
          null,
          null,
          1,
          0,
          0,
          null,
          null,
          1,
          null,
          1,
          0,
          null,
          null,
          1,
          0,
          null,
          null,
          1,
          0,
          null,
          null,
          null,
          null
        ]
      },
      "/onebittwiter/app/models/ability.rb": {
        "lines": [
          1,
          1,
          null,
          1,
          6,
          6,
          6,
          6,
          6,
          null,
          null
        ]
      }
    },
    "timestamp": 1595244363
  }
}
